<?xml version="1.0" encoding="UTF-8"?>
<!-- Generated by org.testng.reporters.JUnitReportReporter -->
<testsuite hostname="user" failures="0" tests="1" name="com.Hamneet.learningSeleniumTestScript.FourthSession" time="30.237" errors="0" timestamp="10 Jun. 2023 04:56:36 GMT" skipped="0">
  <testcase classname="com.Hamneet.learningSeleniumTestScript.FourthSession" name="validateRegularClick" time="30.237"/>
</testsuite> <!-- com.Hamneet.learningSeleniumTestScript.FourthSession -->
