<?xml version="1.0" encoding="UTF-8"?>
<!-- Generated by org.testng.reporters.JUnitReportReporter -->
<testsuite hostname="user" failures="0" tests="3" name="com.Hamneet.learningSeleniumTestScript.FirstSeleniumAssignment" time="21.641" errors="0" timestamp="12 Jun. 2023 17:46:35 GMT" skipped="0">
  <testcase classname="com.Hamneet.learningSeleniumTestScript.FirstSeleniumAssignment" name="validateRegisterUser" time="7.081"/>
  <testcase classname="com.Hamneet.learningSeleniumTestScript.FirstSeleniumAssignment" name="validateLogin" time="5.315"/>
  <testcase classname="com.Hamneet.learningSeleniumTestScript.FirstSeleniumAssignment" name="validateChangePassword" time="9.245"/>
</testsuite> <!-- com.Hamneet.learningSeleniumTestScript.FirstSeleniumAssignment -->
