<?xml version="1.0" encoding="UTF-8"?>
<!-- Generated by org.testng.reporters.JUnitReportReporter -->
<testsuite hostname="user" failures="0" tests="1" name="com.Hamneet.learningSeleniumTestScript.ThirdSession" time="15.664" errors="0" timestamp="08 Jun. 2023 21:47:21 GMT" skipped="0">
  <testcase classname="com.Hamneet.learningSeleniumTestScript.ThirdSession" name="loginFunctionality" time="15.664"/>
</testsuite> <!-- com.Hamneet.learningSeleniumTestScript.ThirdSession -->
