<?xml version="1.0" encoding="UTF-8"?>
<!-- Generated by org.testng.reporters.JUnitReportReporter -->
<testsuite hostname="user" failures="0" tests="2" name="com.Hamneet.learningSeleniumTestScript.SeleniumMethodPractice" time="7.150" errors="0" timestamp="11 Jun. 2023 04:10:22 GMT" skipped="0">
  <testcase classname="com.Hamneet.learningSeleniumTestScript.SeleniumMethodPractice" name="radioButtonSelected" time="3.219"/>
  <testcase classname="com.Hamneet.learningSeleniumTestScript.SeleniumMethodPractice" name="selectBox" time="3.931"/>
</testsuite> <!-- com.Hamneet.learningSeleniumTestScript.SeleniumMethodPractice -->
